Watching for file changes with StatReloader
Performing system checks...

System check identified no issues (0 silenced).
February 23, 2025 - 15:51:12
Django version 4.2.18, using settings 'app.settings'
Starting development server at http://0.0.0.0:8000/
Quit the server with CONTROL-C.

[23/Feb/2025 15:51:34] "POST /api/store_username/ HTTP/1.0" 200 19
Internal Server Error: /api/scrape/
Traceback (most recent call last):
  File "/home/ec2-user/.local/lib/python3.9/site-packages/django/core/handlers/exception.py", line 55, in inner
    response = get_response(request)
  File "/home/ec2-user/.local/lib/python3.9/site-packages/django/core/handlers/base.py", line 197, in _get_response
    response = wrapped_callback(request, *callback_args, **callback_kwargs)
  File "/home/ec2-user/.local/lib/python3.9/site-packages/django/views/decorators/csrf.py", line 56, in wrapper_view
    return view_func(*args, **kwargs)
  File "/home/ec2-user/.local/lib/python3.9/site-packages/django/views/generic/base.py", line 104, in view
    return self.dispatch(request, *args, **kwargs)
  File "/home/ec2-user/.local/lib/python3.9/site-packages/rest_framework/views.py", line 509, in dispatch
    response = self.handle_exception(exc)
  File "/home/ec2-user/.local/lib/python3.9/site-packages/rest_framework/views.py", line 469, in handle_exception
    self.raise_uncaught_exception(exc)
  File "/home/ec2-user/.local/lib/python3.9/site-packages/rest_framework/views.py", line 480, in raise_uncaught_exception
    raise exc
  File "/home/ec2-user/.local/lib/python3.9/site-packages/rest_framework/views.py", line 506, in dispatch
    response = handler(request, *args, **kwargs)
  File "/home/ec2-user/13.02.2025/backend/user_data/views.py", line 78, in get
    username = SearchedUsername.objects.first().username
AttributeError: 'NoneType' object has no attribute 'username'
[23/Feb/2025 15:51:34] "GET /api/scrape/ HTTP/1.0" 500 87908
Watching for file changes with StatReloader
Performing system checks...

System check identified no issues (0 silenced).
February 23, 2025 - 15:56:40
Django version 4.2.18, using settings 'app.settings'
Starting development server at http://127.0.0.1:8000/
Quit the server with CONTROL-C.

[23/Feb/2025 15:57:16] "POST /api/store_username/ HTTP/1.0" 200 21
mahmut
Cookies loaded successfully.
Logged in using cookies.
{'posts': '0', 'followers': '2,932', 'following': '208', 'profile_image_url': 'https://scontent-iad3-2.cdninstagram.com/v/t51.2885-19/477617226_18485619307037241_4370089047960381066_n.jpg?stp=dst-jpg_s150x150_tt6&_nc_ht=scontent-iad3-2.cdninstagram.com&_nc_cat=109&_nc_oc=Q6cZ2AExKSrRIiZmCf41iOS5SkQwaqZ5_b2WlT7pgjhar6K4sE64tO7sQ27_482DT5G1a64&_nc_ohc=FaawH_UOdS4Q7kNvgGG1FCV&_nc_gid=51e0b86d6c9f421da47410f460469820&edm=ALGbJPMBAAAA&ccb=7-5&oh=00_AYCPZBxqvnZXzT0pajq3RCcpkUeB3eD0zpAwdp2njrunUw&oe=67C10D0F&_nc_sid=7d3ac5'}
{'posts': '0', 'followers': '2,932', 'following': '208', 'profile_image_url': 'https://scontent-iad3-2.cdninstagram.com/v/t51.2885-19/477617226_18485619307037241_4370089047960381066_n.jpg?stp=dst-jpg_s150x150_tt6&_nc_ht=scontent-iad3-2.cdninstagram.com&_nc_cat=109&_nc_oc=Q6cZ2AExKSrRIiZmCf41iOS5SkQwaqZ5_b2WlT7pgjhar6K4sE64tO7sQ27_482DT5G1a64&_nc_ohc=FaawH_UOdS4Q7kNvgGG1FCV&_nc_gid=51e0b86d6c9f421da47410f460469820&edm=ALGbJPMBAAAA&ccb=7-5&oh=00_AYCPZBxqvnZXzT0pajq3RCcpkUeB3eD0zpAwdp2njrunUw&oe=67C10D0F&_nc_sid=7d3ac5', 'full_name': 'mahmut', 'username': 'mahmut'}
{'posts': '0', 'followers': '2,932', 'following': '208', 'profile_image_url': 'https://scontent-iad3-2.cdninstagram.com/v/t51.2885-19/477617226_18485619307037241_4370089047960381066_n.jpg?stp=dst-jpg_s150x150_tt6&_nc_ht=scontent-iad3-2.cdninstagram.com&_nc_cat=109&_nc_oc=Q6cZ2AExKSrRIiZmCf41iOS5SkQwaqZ5_b2WlT7pgjhar6K4sE64tO7sQ27_482DT5G1a64&_nc_ohc=FaawH_UOdS4Q7kNvgGG1FCV&_nc_gid=51e0b86d6c9f421da47410f460469820&edm=ALGbJPMBAAAA&ccb=7-5&oh=00_AYCPZBxqvnZXzT0pajq3RCcpkUeB3eD0zpAwdp2njrunUw&oe=67C10D0F&_nc_sid=7d3ac5', 'full_name': 'mahmut', 'username': 'mahmut'}
[23/Feb/2025 15:57:26] "GET /api/scrape/ HTTP/1.0" 200 557
mahmut
[23/Feb/2025 15:57:35] "POST /api/store_username/ HTTP/1.0" 200 21
Cookies loaded successfully.
Logged in using cookies.
{'posts': '0', 'followers': '2,931', 'following': '208', 'profile_image_url': 'https://scontent-iad3-2.cdninstagram.com/v/t51.2885-19/477617226_18485619307037241_4370089047960381066_n.jpg?stp=dst-jpg_s150x150_tt6&_nc_ht=scontent-iad3-2.cdninstagram.com&_nc_cat=109&_nc_oc=Q6cZ2AFudnCEQBfsaLp2BSz2Yaqcl71dHS4aU0ePkBVvaRCbQLR2TMUWiBZaa2G-6kPLEDk&_nc_ohc=FaawH_UOdS4Q7kNvgGG1FCV&_nc_gid=f159d2e8dc45446f8737dea76230cb34&edm=ALGbJPMBAAAA&ccb=7-5&oh=00_AYD1lgy6Lb1L2zm0k1JW1y55RqPNtLYKQa-tk0UYKt8Fjw&oe=67C10D0F&_nc_sid=7d3ac5'}
{'posts': '0', 'followers': '2,931', 'following': '208', 'profile_image_url': 'https://scontent-iad3-2.cdninstagram.com/v/t51.2885-19/477617226_18485619307037241_4370089047960381066_n.jpg?stp=dst-jpg_s150x150_tt6&_nc_ht=scontent-iad3-2.cdninstagram.com&_nc_cat=109&_nc_oc=Q6cZ2AFudnCEQBfsaLp2BSz2Yaqcl71dHS4aU0ePkBVvaRCbQLR2TMUWiBZaa2G-6kPLEDk&_nc_ohc=FaawH_UOdS4Q7kNvgGG1FCV&_nc_gid=f159d2e8dc45446f8737dea76230cb34&edm=ALGbJPMBAAAA&ccb=7-5&oh=00_AYD1lgy6Lb1L2zm0k1JW1y55RqPNtLYKQa-tk0UYKt8Fjw&oe=67C10D0F&_nc_sid=7d3ac5', 'full_name': 'mahmut', 'username': 'mahmut'}
{'posts': '0', 'followers': '2,931', 'following': '208', 'profile_image_url': 'https://scontent-iad3-2.cdninstagram.com/v/t51.2885-19/477617226_18485619307037241_4370089047960381066_n.jpg?stp=dst-jpg_s150x150_tt6&_nc_ht=scontent-iad3-2.cdninstagram.com&_nc_cat=109&_nc_oc=Q6cZ2AFudnCEQBfsaLp2BSz2Yaqcl71dHS4aU0ePkBVvaRCbQLR2TMUWiBZaa2G-6kPLEDk&_nc_ohc=FaawH_UOdS4Q7kNvgGG1FCV&_nc_gid=f159d2e8dc45446f8737dea76230cb34&edm=ALGbJPMBAAAA&ccb=7-5&oh=00_AYD1lgy6Lb1L2zm0k1JW1y55RqPNtLYKQa-tk0UYKt8Fjw&oe=67C10D0F&_nc_sid=7d3ac5', 'full_name': 'mahmut', 'username': 'mahmut'}
[23/Feb/2025 15:57:41] "GET /api/scrape/ HTTP/1.0" 200 557
Not Found: /
[23/Feb/2025 16:31:37] "GET / HTTP/1.0" 404 2160
Not Found: /
[23/Feb/2025 16:58:22] "GET / HTTP/1.0" 404 2160
Not Found: /favicon.ico
[23/Feb/2025 16:58:24] "GET /favicon.ico HTTP/1.0" 404 2211
Not Found: /hello.world
[23/Feb/2025 17:43:40] "POST /hello.world?%ADd+allow_url_include%3d1+%ADd+auto_prepend_file%3dphp://input HTTP/1.0" 404 2276
Not Found: /vendor/phpunit/phpunit/src/Util/PHP/eval-stdin.php
[23/Feb/2025 17:43:53] "GET /vendor/phpunit/phpunit/src/Util/PHP/eval-stdin.php HTTP/1.0" 404 2328
Not Found: /vendor/phpunit/phpunit/Util/PHP/eval-stdin.php
[23/Feb/2025 17:43:56] "GET /vendor/phpunit/phpunit/Util/PHP/eval-stdin.php HTTP/1.0" 404 2316
Not Found: /
[23/Feb/2025 18:09:52] "GET / HTTP/1.0" 404 2160
[23/Feb/2025 18:12:28] "OPTIONS /api/store_username/ HTTP/1.0" 200 0
mahmut
[23/Feb/2025 18:12:28] "POST /api/store_username/ HTTP/1.0" 200 21
Cookies loaded successfully.
Logged in using cookies.
{'posts': '0', 'followers': '2,920', 'following': '208', 'profile_image_url': 'https://scontent-iad3-2.cdninstagram.com/v/t51.2885-19/477617226_18485619307037241_4370089047960381066_n.jpg?stp=dst-jpg_s150x150_tt6&_nc_ht=scontent-iad3-2.cdninstagram.com&_nc_cat=109&_nc_oc=Q6cZ2AFwH-BafBHTQ_VNQpTS19IEahXW4PflkTM0zFQu5xIjDmL58tASRNPrgH5BE4P4_1A&_nc_ohc=FaawH_UOdS4Q7kNvgGG1FCV&_nc_gid=c42dd8602ca44dfebf888418e2b660f9&edm=ALGbJPMBAAAA&ccb=7-5&oh=00_AYAlYsZBrkcCxnm-kHfnvKWORbBHxQ_oD-tEhCL0YgmYww&oe=67C1454F&_nc_sid=7d3ac5'}
{'posts': '0', 'followers': '2,920', 'following': '208', 'profile_image_url': 'https://scontent-iad3-2.cdninstagram.com/v/t51.2885-19/477617226_18485619307037241_4370089047960381066_n.jpg?stp=dst-jpg_s150x150_tt6&_nc_ht=scontent-iad3-2.cdninstagram.com&_nc_cat=109&_nc_oc=Q6cZ2AFwH-BafBHTQ_VNQpTS19IEahXW4PflkTM0zFQu5xIjDmL58tASRNPrgH5BE4P4_1A&_nc_ohc=FaawH_UOdS4Q7kNvgGG1FCV&_nc_gid=c42dd8602ca44dfebf888418e2b660f9&edm=ALGbJPMBAAAA&ccb=7-5&oh=00_AYAlYsZBrkcCxnm-kHfnvKWORbBHxQ_oD-tEhCL0YgmYww&oe=67C1454F&_nc_sid=7d3ac5', 'full_name': 'mahmut', 'username': 'mahmut'}
{'posts': '0', 'followers': '2,920', 'following': '208', 'profile_image_url': 'https://scontent-iad3-2.cdninstagram.com/v/t51.2885-19/477617226_18485619307037241_4370089047960381066_n.jpg?stp=dst-jpg_s150x150_tt6&_nc_ht=scontent-iad3-2.cdninstagram.com&_nc_cat=109&_nc_oc=Q6cZ2AFwH-BafBHTQ_VNQpTS19IEahXW4PflkTM0zFQu5xIjDmL58tASRNPrgH5BE4P4_1A&_nc_ohc=FaawH_UOdS4Q7kNvgGG1FCV&_nc_gid=c42dd8602ca44dfebf888418e2b660f9&edm=ALGbJPMBAAAA&ccb=7-5&oh=00_AYAlYsZBrkcCxnm-kHfnvKWORbBHxQ_oD-tEhCL0YgmYww&oe=67C1454F&_nc_sid=7d3ac5', 'full_name': 'mahmut', 'username': 'mahmut'}
[23/Feb/2025 18:12:35] "GET /api/scrape/ HTTP/1.0" 200 557
[23/Feb/2025 18:12:58] "OPTIONS /api/emails/ HTTP/1.0" 200 0
[23/Feb/2025 18:12:58] "POST /api/emails/ HTTP/1.0" 201 29
[23/Feb/2025 18:13:05] "OPTIONS /api/surveys/ HTTP/1.0" 200 0
mahmut@gmaill.com
[23/Feb/2025 18:13:05] "POST /api/surveys/ HTTP/1.0" 201 190
[23/Feb/2025 18:17:56] "POST /api/store_username/ HTTP/1.0" 200 21
mahmut
Cookies loaded successfully.
Logged in using cookies.
{'posts': '0', 'followers': '2,920', 'following': '208', 'profile_image_url': 'https://scontent-iad3-2.cdninstagram.com/v/t51.2885-19/477617226_18485619307037241_4370089047960381066_n.jpg?stp=dst-jpg_s150x150_tt6&_nc_ht=scontent-iad3-2.cdninstagram.com&_nc_cat=109&_nc_oc=Q6cZ2AFog4rjXQESsf6W9_XNf8Wb90gLbRvyOFgaXTwJ5GtQ-yuj7TE0LNzJthBNFdd11s4&_nc_ohc=FaawH_UOdS4Q7kNvgGG1FCV&_nc_gid=dc7caf0dd1b04eba97285e6d683ba482&edm=ALGbJPMBAAAA&ccb=7-5&oh=00_AYAQvsjksBbRe7GN9HTReweQza6-vEGt3RJj6CqG4t-8KQ&oe=67C1454F&_nc_sid=7d3ac5'}
{'posts': '0', 'followers': '2,920', 'following': '208', 'profile_image_url': 'https://scontent-iad3-2.cdninstagram.com/v/t51.2885-19/477617226_18485619307037241_4370089047960381066_n.jpg?stp=dst-jpg_s150x150_tt6&_nc_ht=scontent-iad3-2.cdninstagram.com&_nc_cat=109&_nc_oc=Q6cZ2AFog4rjXQESsf6W9_XNf8Wb90gLbRvyOFgaXTwJ5GtQ-yuj7TE0LNzJthBNFdd11s4&_nc_ohc=FaawH_UOdS4Q7kNvgGG1FCV&_nc_gid=dc7caf0dd1b04eba97285e6d683ba482&edm=ALGbJPMBAAAA&ccb=7-5&oh=00_AYAQvsjksBbRe7GN9HTReweQza6-vEGt3RJj6CqG4t-8KQ&oe=67C1454F&_nc_sid=7d3ac5', 'full_name': 'mahmut', 'username': 'mahmut'}
{'posts': '0', 'followers': '2,920', 'following': '208', 'profile_image_url': 'https://scontent-iad3-2.cdninstagram.com/v/t51.2885-19/477617226_18485619307037241_4370089047960381066_n.jpg?stp=dst-jpg_s150x150_tt6&_nc_ht=scontent-iad3-2.cdninstagram.com&_nc_cat=109&_nc_oc=Q6cZ2AFog4rjXQESsf6W9_XNf8Wb90gLbRvyOFgaXTwJ5GtQ-yuj7TE0LNzJthBNFdd11s4&_nc_ohc=FaawH_UOdS4Q7kNvgGG1FCV&_nc_gid=dc7caf0dd1b04eba97285e6d683ba482&edm=ALGbJPMBAAAA&ccb=7-5&oh=00_AYAQvsjksBbRe7GN9HTReweQza6-vEGt3RJj6CqG4t-8KQ&oe=67C1454F&_nc_sid=7d3ac5', 'full_name': 'mahmut', 'username': 'mahmut'}
[23/Feb/2025 18:18:03] "GET /api/scrape/ HTTP/1.0" 200 557
[23/Feb/2025 18:18:25] "POST /api/store_username/ HTTP/1.0" 200 21
mahmut
Cookies loaded successfully.
Logged in using cookies.
{'posts': '0', 'followers': '2,920', 'following': '208', 'profile_image_url': 'https://scontent-iad3-2.cdninstagram.com/v/t51.2885-19/477617226_18485619307037241_4370089047960381066_n.jpg?stp=dst-jpg_s150x150_tt6&_nc_ht=scontent-iad3-2.cdninstagram.com&_nc_cat=109&_nc_oc=Q6cZ2AEDxHJKDVuPUuWK-nLTL612e28oB0OGBBArz7C9wfch0yJtETBZpmLUSRDzBmL-CLc&_nc_ohc=FaawH_UOdS4Q7kNvgGG1FCV&_nc_gid=d2a0518717f94e60868810d766a0caf9&edm=ALGbJPMBAAAA&ccb=7-5&oh=00_AYC-48xkzkuMNnk6yKqdRiv9Q9GrR79yqaZbFUFEMQPgIw&oe=67C1454F&_nc_sid=7d3ac5'}
{'posts': '0', 'followers': '2,920', 'following': '208', 'profile_image_url': 'https://scontent-iad3-2.cdninstagram.com/v/t51.2885-19/477617226_18485619307037241_4370089047960381066_n.jpg?stp=dst-jpg_s150x150_tt6&_nc_ht=scontent-iad3-2.cdninstagram.com&_nc_cat=109&_nc_oc=Q6cZ2AEDxHJKDVuPUuWK-nLTL612e28oB0OGBBArz7C9wfch0yJtETBZpmLUSRDzBmL-CLc&_nc_ohc=FaawH_UOdS4Q7kNvgGG1FCV&_nc_gid=d2a0518717f94e60868810d766a0caf9&edm=ALGbJPMBAAAA&ccb=7-5&oh=00_AYC-48xkzkuMNnk6yKqdRiv9Q9GrR79yqaZbFUFEMQPgIw&oe=67C1454F&_nc_sid=7d3ac5', 'full_name': 'mahmut', 'username': 'mahmut'}
{'posts': '0', 'followers': '2,920', 'following': '208', 'profile_image_url': 'https://scontent-iad3-2.cdninstagram.com/v/t51.2885-19/477617226_18485619307037241_4370089047960381066_n.jpg?stp=dst-jpg_s150x150_tt6&_nc_ht=scontent-iad3-2.cdninstagram.com&_nc_cat=109&_nc_oc=Q6cZ2AEDxHJKDVuPUuWK-nLTL612e28oB0OGBBArz7C9wfch0yJtETBZpmLUSRDzBmL-CLc&_nc_ohc=FaawH_UOdS4Q7kNvgGG1FCV&_nc_gid=d2a0518717f94e60868810d766a0caf9&edm=ALGbJPMBAAAA&ccb=7-5&oh=00_AYC-48xkzkuMNnk6yKqdRiv9Q9GrR79yqaZbFUFEMQPgIw&oe=67C1454F&_nc_sid=7d3ac5', 'full_name': 'mahmut', 'username': 'mahmut'}
[23/Feb/2025 18:18:32] "GET /api/scrape/ HTTP/1.0" 200 557
Bad Request: /api/emails/
[23/Feb/2025 18:18:52] "POST /api/emails/ HTTP/1.0" 400 42
[23/Feb/2025 18:18:58] "POST /api/emails/ HTTP/1.0" 201 27
cvbnm@gmail.com
[23/Feb/2025 18:19:54] "POST /api/surveys/ HTTP/1.0" 201 190
Not Found: /hello.world
[23/Feb/2025 18:34:03] "POST /hello.world?%ADd+allow_url_include%3d1+%ADd+auto_prepend_file%3dphp://input HTTP/1.0" 404 2276
Not Found: /vendor/phpunit/phpunit/src/Util/PHP/eval-stdin.php
[23/Feb/2025 18:34:04] "GET /vendor/phpunit/phpunit/src/Util/PHP/eval-stdin.php HTTP/1.0" 404 2328
Not Found: /vendor/phpunit/phpunit/Util/PHP/eval-stdin.php
[23/Feb/2025 18:34:04] "GET /vendor/phpunit/phpunit/Util/PHP/eval-stdin.php HTTP/1.0" 404 2316
Not Found: /vendor/phpunit/src/Util/PHP/eval-stdin.php
[23/Feb/2025 18:34:05] "GET /vendor/phpunit/src/Util/PHP/eval-stdin.php HTTP/1.0" 404 2304
Not Found: /vendor/phpunit/Util/PHP/eval-stdin.php
[23/Feb/2025 18:34:05] "GET /vendor/phpunit/Util/PHP/eval-stdin.php HTTP/1.0" 404 2292
Not Found: /vendor/phpunit/phpunit/LICENSE/eval-stdin.php
[23/Feb/2025 18:34:06] "GET /vendor/phpunit/phpunit/LICENSE/eval-stdin.php HTTP/1.0" 404 2313
Not Found: /vendor/vendor/phpunit/phpunit/src/Util/PHP/eval-stdin.php
[23/Feb/2025 18:34:06] "GET /vendor/vendor/phpunit/phpunit/src/Util/PHP/eval-stdin.php HTTP/1.0" 404 2349
Not Found: /phpunit/phpunit/src/Util/PHP/eval-stdin.php
[23/Feb/2025 18:34:07] "GET /phpunit/phpunit/src/Util/PHP/eval-stdin.php HTTP/1.0" 404 2307
Not Found: /phpunit/phpunit/Util/PHP/eval-stdin.php
[23/Feb/2025 18:34:07] "GET /phpunit/phpunit/Util/PHP/eval-stdin.php HTTP/1.0" 404 2295
Not Found: /phpunit/src/Util/PHP/eval-stdin.php
[23/Feb/2025 18:34:08] "GET /phpunit/src/Util/PHP/eval-stdin.php HTTP/1.0" 404 2283
Not Found: /phpunit/Util/PHP/eval-stdin.php
[23/Feb/2025 18:34:08] "GET /phpunit/Util/PHP/eval-stdin.php HTTP/1.0" 404 2271
Not Found: /lib/phpunit/phpunit/src/Util/PHP/eval-stdin.php
[23/Feb/2025 18:34:09] "GET /lib/phpunit/phpunit/src/Util/PHP/eval-stdin.php HTTP/1.0" 404 2319
Not Found: /lib/phpunit/phpunit/Util/PHP/eval-stdin.php
[23/Feb/2025 18:34:09] "GET /lib/phpunit/phpunit/Util/PHP/eval-stdin.php HTTP/1.0" 404 2307
Not Found: /lib/phpunit/src/Util/PHP/eval-stdin.php
[23/Feb/2025 18:34:10] "GET /lib/phpunit/src/Util/PHP/eval-stdin.php HTTP/1.0" 404 2295
Not Found: /lib/phpunit/Util/PHP/eval-stdin.php
[23/Feb/2025 18:34:10] "GET /lib/phpunit/Util/PHP/eval-stdin.php HTTP/1.0" 404 2283
Not Found: /lib/vendor/phpunit/phpunit/src/Util/PHP/eval-stdin.php
[23/Feb/2025 18:34:11] "GET /lib/vendor/phpunit/phpunit/src/Util/PHP/eval-stdin.php HTTP/1.0" 404 2340
Not Found: /laravel/vendor/phpunit/phpunit/src/Util/PHP/eval-stdin.php
[23/Feb/2025 18:34:11] "GET /laravel/vendor/phpunit/phpunit/src/Util/PHP/eval-stdin.php HTTP/1.0" 404 2352
Not Found: /www/vendor/phpunit/phpunit/src/Util/PHP/eval-stdin.php
[23/Feb/2025 18:34:12] "GET /www/vendor/phpunit/phpunit/src/Util/PHP/eval-stdin.php HTTP/1.0" 404 2340
Not Found: /ws/vendor/phpunit/phpunit/src/Util/PHP/eval-stdin.php
[23/Feb/2025 18:34:12] "GET /ws/vendor/phpunit/phpunit/src/Util/PHP/eval-stdin.php HTTP/1.0" 404 2337
Not Found: /yii/vendor/phpunit/phpunit/src/Util/PHP/eval-stdin.php
[23/Feb/2025 18:34:13] "GET /yii/vendor/phpunit/phpunit/src/Util/PHP/eval-stdin.php HTTP/1.0" 404 2340
Not Found: /zend/vendor/phpunit/phpunit/src/Util/PHP/eval-stdin.php
[23/Feb/2025 18:34:13] "GET /zend/vendor/phpunit/phpunit/src/Util/PHP/eval-stdin.php HTTP/1.0" 404 2343
Not Found: /ws/ec/vendor/phpunit/phpunit/src/Util/PHP/eval-stdin.php
[23/Feb/2025 18:34:14] "GET /ws/ec/vendor/phpunit/phpunit/src/Util/PHP/eval-stdin.php HTTP/1.0" 404 2346
Not Found: /V2/vendor/phpunit/phpunit/src/Util/PHP/eval-stdin.php
[23/Feb/2025 18:34:14] "GET /V2/vendor/phpunit/phpunit/src/Util/PHP/eval-stdin.php HTTP/1.0" 404 2337
Not Found: /tests/vendor/phpunit/phpunit/src/Util/PHP/eval-stdin.php
[23/Feb/2025 18:34:15] "GET /tests/vendor/phpunit/phpunit/src/Util/PHP/eval-stdin.php HTTP/1.0" 404 2346
Not Found: /test/vendor/phpunit/phpunit/src/Util/PHP/eval-stdin.php
[23/Feb/2025 18:34:15] "GET /test/vendor/phpunit/phpunit/src/Util/PHP/eval-stdin.php HTTP/1.0" 404 2343
Not Found: /testing/vendor/phpunit/phpunit/src/Util/PHP/eval-stdin.php
[23/Feb/2025 18:34:16] "GET /testing/vendor/phpunit/phpunit/src/Util/PHP/eval-stdin.php HTTP/1.0" 404 2352
Not Found: /api/vendor/phpunit/phpunit/src/Util/PHP/eval-stdin.php
[23/Feb/2025 18:34:16] "GET /api/vendor/phpunit/phpunit/src/Util/PHP/eval-stdin.php HTTP/1.0" 404 5093
Not Found: /demo/vendor/phpunit/phpunit/src/Util/PHP/eval-stdin.php
[23/Feb/2025 18:34:17] "GET /demo/vendor/phpunit/phpunit/src/Util/PHP/eval-stdin.php HTTP/1.0" 404 2343
Not Found: /cms/vendor/phpunit/phpunit/src/Util/PHP/eval-stdin.php
[23/Feb/2025 18:34:17] "GET /cms/vendor/phpunit/phpunit/src/Util/PHP/eval-stdin.php HTTP/1.0" 404 2340
Not Found: /crm/vendor/phpunit/phpunit/src/Util/PHP/eval-stdin.php
[23/Feb/2025 18:34:18] "GET /crm/vendor/phpunit/phpunit/src/Util/PHP/eval-stdin.php HTTP/1.0" 404 2340
[23/Feb/2025 18:34:18] "GET /admin/vendor/phpunit/phpunit/src/Util/PHP/eval-stdin.php HTTP/1.0" 302 0
Not Found: /backup/vendor/phpunit/phpunit/src/Util/PHP/eval-stdin.php
[23/Feb/2025 18:34:19] "GET /backup/vendor/phpunit/phpunit/src/Util/PHP/eval-stdin.php HTTP/1.0" 404 2349
Not Found: /blog/vendor/phpunit/phpunit/src/Util/PHP/eval-stdin.php
[23/Feb/2025 18:34:19] "GET /blog/vendor/phpunit/phpunit/src/Util/PHP/eval-stdin.php HTTP/1.0" 404 2343
Not Found: /workspace/drupal/vendor/phpunit/phpunit/src/Util/PHP/eval-stdin.php
[23/Feb/2025 18:34:20] "GET /workspace/drupal/vendor/phpunit/phpunit/src/Util/PHP/eval-stdin.php HTTP/1.0" 404 2379
Not Found: /panel/vendor/phpunit/phpunit/src/Util/PHP/eval-stdin.php
[23/Feb/2025 18:34:20] "GET /panel/vendor/phpunit/phpunit/src/Util/PHP/eval-stdin.php HTTP/1.0" 404 2346
Not Found: /public/vendor/phpunit/phpunit/src/Util/PHP/eval-stdin.php
[23/Feb/2025 18:34:21] "GET /public/vendor/phpunit/phpunit/src/Util/PHP/eval-stdin.php HTTP/1.0" 404 2349
Not Found: /apps/vendor/phpunit/phpunit/src/Util/PHP/eval-stdin.php
[23/Feb/2025 18:34:21] "GET /apps/vendor/phpunit/phpunit/src/Util/PHP/eval-stdin.php HTTP/1.0" 404 2343
Not Found: /app/vendor/phpunit/phpunit/src/Util/PHP/eval-stdin.php
[23/Feb/2025 18:34:22] "GET /app/vendor/phpunit/phpunit/src/Util/PHP/eval-stdin.php HTTP/1.0" 404 2340
Not Found: /index.php
[23/Feb/2025 18:34:22] "GET /index.php?s=/index/\think\app/invokefunction&function=call_user_func_array&vars[0]=md5&vars[1][]=Hello HTTP/1.0" 404 2314
Not Found: /public/index.php
[23/Feb/2025 18:34:23] "GET /public/index.php?s=/index/\think\app/invokefunction&function=call_user_func_array&vars[0]=md5&vars[1][]=Hello HTTP/1.0" 404 2335
Not Found: /index.php
[23/Feb/2025 18:34:23] "GET /index.php?lang=../../../../../../../../usr/local/lib/php/pearcmd&+config-create+/&/<?echo(md5("hi"));?>+/tmp/index1.php HTTP/1.0" 404 2331
Not Found: /index.php
[23/Feb/2025 18:34:24] "GET /index.php?lang=../../../../../../../../tmp/index1 HTTP/1.0" 404 2245
Not Found: /containers/json
[23/Feb/2025 18:34:24] "GET /containers/json HTTP/1.0" 404 2223
Not Found: /
[23/Feb/2025 19:14:20] "GET / HTTP/1.0" 404 2160
Not Found: /Autodiscover/Autodiscover.xml
[23/Feb/2025 19:24:44] "POST /Autodiscover/Autodiscover.xml HTTP/1.0" 404 2266
Not Found: /
[23/Feb/2025 20:07:02] "GET / HTTP/1.0" 404 2160
Not Found: /
[23/Feb/2025 20:41:36] "GET / HTTP/1.0" 404 2172
Not Found: /
[23/Feb/2025 20:41:39] "GET / HTTP/1.0" 404 2172
Not Found: /
[23/Feb/2025 20:41:44] "GET / HTTP/1.0" 404 2172
Not Found: /
[23/Feb/2025 20:41:54] "GET / HTTP/1.0" 404 2172
Not Found: /
[23/Feb/2025 20:52:24] "GET / HTTP/1.0" 404 2160
Not Found: /
[23/Feb/2025 20:56:27] "GET / HTTP/1.0" 404 2172
Not Found: /js/twint_ch.js
[23/Feb/2025 20:56:27] "GET /js/twint_ch.js HTTP/1.0" 404 2232
Not Found: /
[23/Feb/2025 20:57:12] "GET / HTTP/1.0" 404 2160
Not Found: /
[23/Feb/2025 20:57:23] "GET / HTTP/1.0" 404 2160
Not Found: /
[23/Feb/2025 21:07:47] "GET / HTTP/1.0" 404 2160
Not Found: /
[23/Feb/2025 21:15:12] "GET / HTTP/1.0" 404 2160
Not Found: /
[23/Feb/2025 21:15:16] "GET / HTTP/1.0" 404 2160
Not Found: /favicon.ico
[23/Feb/2025 21:15:32] "GET /favicon.ico HTTP/1.0" 404 2211
Not Found: /geoserver
[23/Feb/2025 21:57:23] "GET /geoserver HTTP/1.0" 404 2205
Not Found: /
[23/Feb/2025 22:04:30] "GET / HTTP/1.0" 404 2160
Not Found: /
[23/Feb/2025 22:08:19] "GET / HTTP/1.0" 404 2160
Not Found: /
[23/Feb/2025 22:10:20] "GET / HTTP/1.0" 404 2160
Not Found: /.git/config
[23/Feb/2025 22:48:28] "GET /.git/config HTTP/1.0" 404 2211
Not Found: /hello.world
[23/Feb/2025 22:53:23] "POST /hello.world?%ADd+allow_url_include%3d1+%ADd+auto_prepend_file%3dphp://input HTTP/1.0" 404 2276
Not Found: /vendor/phpunit/phpunit/src/Util/PHP/eval-stdin.php
[23/Feb/2025 22:53:29] "GET /vendor/phpunit/phpunit/src/Util/PHP/eval-stdin.php HTTP/1.0" 404 2328
Not Found: /vendor/phpunit/phpunit/Util/PHP/eval-stdin.php
[23/Feb/2025 22:53:31] "GET /vendor/phpunit/phpunit/Util/PHP/eval-stdin.php HTTP/1.0" 404 2316
Not Found: /vendor/phpunit/src/Util/PHP/eval-stdin.php
[23/Feb/2025 22:53:37] "GET /vendor/phpunit/src/Util/PHP/eval-stdin.php HTTP/1.0" 404 2304
Not Found: /vendor/phpunit/Util/PHP/eval-stdin.php
[23/Feb/2025 22:53:40] "GET /vendor/phpunit/Util/PHP/eval-stdin.php HTTP/1.0" 404 2292
Not Found: /vendor/phpunit/phpunit/LICENSE/eval-stdin.php
[23/Feb/2025 22:53:44] "GET /vendor/phpunit/phpunit/LICENSE/eval-stdin.php HTTP/1.0" 404 2313
Not Found: /vendor/vendor/phpunit/phpunit/src/Util/PHP/eval-stdin.php
[23/Feb/2025 22:53:49] "GET /vendor/vendor/phpunit/phpunit/src/Util/PHP/eval-stdin.php HTTP/1.0" 404 2349
Not Found: /phpunit/phpunit/src/Util/PHP/eval-stdin.php
[23/Feb/2025 22:53:55] "GET /phpunit/phpunit/src/Util/PHP/eval-stdin.php HTTP/1.0" 404 2307
Not Found: /.git/config
[23/Feb/2025 22:53:56] "GET /.git/config HTTP/1.0" 404 2211
Not Found: /phpunit/phpunit/Util/PHP/eval-stdin.php
[23/Feb/2025 22:54:00] "GET /phpunit/phpunit/Util/PHP/eval-stdin.php HTTP/1.0" 404 2295
Not Found: /phpunit/src/Util/PHP/eval-stdin.php
[23/Feb/2025 22:54:05] "GET /phpunit/src/Util/PHP/eval-stdin.php HTTP/1.0" 404 2283
Not Found: /phpunit/Util/PHP/eval-stdin.php
[23/Feb/2025 22:54:10] "GET /phpunit/Util/PHP/eval-stdin.php HTTP/1.0" 404 2271
Not Found: /lib/phpunit/phpunit/src/Util/PHP/eval-stdin.php
[23/Feb/2025 22:54:14] "GET /lib/phpunit/phpunit/src/Util/PHP/eval-stdin.php HTTP/1.0" 404 2319
Not Found: /lib/phpunit/phpunit/Util/PHP/eval-stdin.php
[23/Feb/2025 22:54:20] "GET /lib/phpunit/phpunit/Util/PHP/eval-stdin.php HTTP/1.0" 404 2307
Not Found: /lib/phpunit/src/Util/PHP/eval-stdin.php
[23/Feb/2025 22:54:24] "GET /lib/phpunit/src/Util/PHP/eval-stdin.php HTTP/1.0" 404 2295
Not Found: /lib/phpunit/Util/PHP/eval-stdin.php
[23/Feb/2025 22:54:29] "GET /lib/phpunit/Util/PHP/eval-stdin.php HTTP/1.0" 404 2283
Not Found: /lib/vendor/phpunit/phpunit/src/Util/PHP/eval-stdin.php
[23/Feb/2025 22:54:33] "GET /lib/vendor/phpunit/phpunit/src/Util/PHP/eval-stdin.php HTTP/1.0" 404 2340
Not Found: /laravel/vendor/phpunit/phpunit/src/Util/PHP/eval-stdin.php
[23/Feb/2025 22:54:37] "GET /laravel/vendor/phpunit/phpunit/src/Util/PHP/eval-stdin.php HTTP/1.0" 404 2352
Not Found: /www/vendor/phpunit/phpunit/src/Util/PHP/eval-stdin.php
[23/Feb/2025 22:54:41] "GET /www/vendor/phpunit/phpunit/src/Util/PHP/eval-stdin.php HTTP/1.0" 404 2340
Not Found: /ws/vendor/phpunit/phpunit/src/Util/PHP/eval-stdin.php
[23/Feb/2025 22:54:44] "GET /ws/vendor/phpunit/phpunit/src/Util/PHP/eval-stdin.php HTTP/1.0" 404 2337
Not Found: /yii/vendor/phpunit/phpunit/src/Util/PHP/eval-stdin.php
[23/Feb/2025 22:54:51] "GET /yii/vendor/phpunit/phpunit/src/Util/PHP/eval-stdin.php HTTP/1.0" 404 2340
Not Found: /zend/vendor/phpunit/phpunit/src/Util/PHP/eval-stdin.php
[23/Feb/2025 22:54:55] "GET /zend/vendor/phpunit/phpunit/src/Util/PHP/eval-stdin.php HTTP/1.0" 404 2343
Not Found: /ws/ec/vendor/phpunit/phpunit/src/Util/PHP/eval-stdin.php
[23/Feb/2025 22:55:00] "GET /ws/ec/vendor/phpunit/phpunit/src/Util/PHP/eval-stdin.php HTTP/1.0" 404 2346
Not Found: /V2/vendor/phpunit/phpunit/src/Util/PHP/eval-stdin.php
[23/Feb/2025 22:55:06] "GET /V2/vendor/phpunit/phpunit/src/Util/PHP/eval-stdin.php HTTP/1.0" 404 2337
Not Found: /tests/vendor/phpunit/phpunit/src/Util/PHP/eval-stdin.php
[23/Feb/2025 22:55:12] "GET /tests/vendor/phpunit/phpunit/src/Util/PHP/eval-stdin.php HTTP/1.0" 404 2346
Not Found: /test/vendor/phpunit/phpunit/src/Util/PHP/eval-stdin.php
[23/Feb/2025 22:55:17] "GET /test/vendor/phpunit/phpunit/src/Util/PHP/eval-stdin.php HTTP/1.0" 404 2343
Not Found: /testing/vendor/phpunit/phpunit/src/Util/PHP/eval-stdin.php
[23/Feb/2025 22:55:23] "GET /testing/vendor/phpunit/phpunit/src/Util/PHP/eval-stdin.php HTTP/1.0" 404 2352
Not Found: /api/vendor/phpunit/phpunit/src/Util/PHP/eval-stdin.php
[23/Feb/2025 22:55:28] "GET /api/vendor/phpunit/phpunit/src/Util/PHP/eval-stdin.php HTTP/1.0" 404 5093
Not Found: /demo/vendor/phpunit/phpunit/src/Util/PHP/eval-stdin.php
[23/Feb/2025 22:55:32] "GET /demo/vendor/phpunit/phpunit/src/Util/PHP/eval-stdin.php HTTP/1.0" 404 2343
Not Found: /cms/vendor/phpunit/phpunit/src/Util/PHP/eval-stdin.php
[23/Feb/2025 22:55:37] "GET /cms/vendor/phpunit/phpunit/src/Util/PHP/eval-stdin.php HTTP/1.0" 404 2340
Not Found: /crm/vendor/phpunit/phpunit/src/Util/PHP/eval-stdin.php
[23/Feb/2025 22:55:44] "GET /crm/vendor/phpunit/phpunit/src/Util/PHP/eval-stdin.php HTTP/1.0" 404 2340
[23/Feb/2025 22:55:48] "GET /admin/vendor/phpunit/phpunit/src/Util/PHP/eval-stdin.php HTTP/1.0" 302 0
Not Found: /backup/vendor/phpunit/phpunit/src/Util/PHP/eval-stdin.php
[23/Feb/2025 22:55:52] "GET /backup/vendor/phpunit/phpunit/src/Util/PHP/eval-stdin.php HTTP/1.0" 404 2349
Not Found: /blog/vendor/phpunit/phpunit/src/Util/PHP/eval-stdin.php
[23/Feb/2025 22:55:55] "GET /blog/vendor/phpunit/phpunit/src/Util/PHP/eval-stdin.php HTTP/1.0" 404 2343
Not Found: /
[23/Feb/2025 22:55:56] "GET / HTTP/1.0" 404 2172
Not Found: /workspace/drupal/vendor/phpunit/phpunit/src/Util/PHP/eval-stdin.php
[23/Feb/2025 22:56:00] "GET /workspace/drupal/vendor/phpunit/phpunit/src/Util/PHP/eval-stdin.php HTTP/1.0" 404 2379
Not Found: /panel/vendor/phpunit/phpunit/src/Util/PHP/eval-stdin.php
[23/Feb/2025 22:56:04] "GET /panel/vendor/phpunit/phpunit/src/Util/PHP/eval-stdin.php HTTP/1.0" 404 2346
Not Found: /public/vendor/phpunit/phpunit/src/Util/PHP/eval-stdin.php
[23/Feb/2025 22:56:08] "GET /public/vendor/phpunit/phpunit/src/Util/PHP/eval-stdin.php HTTP/1.0" 404 2349
Not Found: /apps/vendor/phpunit/phpunit/src/Util/PHP/eval-stdin.php
[23/Feb/2025 22:56:12] "GET /apps/vendor/phpunit/phpunit/src/Util/PHP/eval-stdin.php HTTP/1.0" 404 2343
Not Found: /app/vendor/phpunit/phpunit/src/Util/PHP/eval-stdin.php
[23/Feb/2025 22:56:16] "GET /app/vendor/phpunit/phpunit/src/Util/PHP/eval-stdin.php HTTP/1.0" 404 2340
Not Found: /index.php
[23/Feb/2025 22:56:21] "GET /index.php?s=/index/\think\app/invokefunction&function=call_user_func_array&vars[0]=md5&vars[1][]=Hello HTTP/1.0" 404 2314
Not Found: /public/index.php
[23/Feb/2025 22:56:24] "GET /public/index.php?s=/index/\think\app/invokefunction&function=call_user_func_array&vars[0]=md5&vars[1][]=Hello HTTP/1.0" 404 2335
Not Found: /index.php
[23/Feb/2025 22:56:29] "GET /index.php?lang=../../../../../../../../usr/local/lib/php/pearcmd&+config-create+/&/<?echo(md5("hi"));?>+/tmp/index1.php HTTP/1.0" 404 2331
Not Found: /index.php
[23/Feb/2025 22:56:33] "GET /index.php?lang=../../../../../../../../tmp/index1 HTTP/1.0" 404 2245
Not Found: /containers/json
[23/Feb/2025 22:56:38] "GET /containers/json HTTP/1.0" 404 2223
Not Found: /.env
[23/Feb/2025 23:22:07] "GET /.env HTTP/1.0" 404 2190
Not Found: /
[23/Feb/2025 23:22:08] "POST / HTTP/1.0" 404 2161
Not Found: /
[23/Feb/2025 23:27:12] "GET / HTTP/1.0" 404 2172
Not Found: /
[23/Feb/2025 23:31:02] "GET / HTTP/1.0" 404 2160
Not Found: /hello.world
[24/Feb/2025 00:04:03] "POST /hello.world?%ADd+allow_url_include%3d1+%ADd+auto_prepend_file%3dphp://input HTTP/1.0" 404 2276
Not Found: /vendor/phpunit/phpunit/src/Util/PHP/eval-stdin.php
[24/Feb/2025 00:04:03] "GET /vendor/phpunit/phpunit/src/Util/PHP/eval-stdin.php HTTP/1.0" 404 2328
Not Found: /vendor/phpunit/phpunit/Util/PHP/eval-stdin.php
[24/Feb/2025 00:04:04] "GET /vendor/phpunit/phpunit/Util/PHP/eval-stdin.php HTTP/1.0" 404 2316
Not Found: /vendor/phpunit/src/Util/PHP/eval-stdin.php
[24/Feb/2025 00:04:04] "GET /vendor/phpunit/src/Util/PHP/eval-stdin.php HTTP/1.0" 404 2304
Not Found: /vendor/phpunit/Util/PHP/eval-stdin.php
[24/Feb/2025 00:04:04] "GET /vendor/phpunit/Util/PHP/eval-stdin.php HTTP/1.0" 404 2292
Not Found: /vendor/phpunit/phpunit/LICENSE/eval-stdin.php
[24/Feb/2025 00:04:05] "GET /vendor/phpunit/phpunit/LICENSE/eval-stdin.php HTTP/1.0" 404 2313
Not Found: /vendor/vendor/phpunit/phpunit/src/Util/PHP/eval-stdin.php
[24/Feb/2025 00:04:05] "GET /vendor/vendor/phpunit/phpunit/src/Util/PHP/eval-stdin.php HTTP/1.0" 404 2349
Not Found: /phpunit/phpunit/src/Util/PHP/eval-stdin.php
[24/Feb/2025 00:04:05] "GET /phpunit/phpunit/src/Util/PHP/eval-stdin.php HTTP/1.0" 404 2307
Not Found: /phpunit/phpunit/Util/PHP/eval-stdin.php
[24/Feb/2025 00:04:05] "GET /phpunit/phpunit/Util/PHP/eval-stdin.php HTTP/1.0" 404 2295
Not Found: /phpunit/src/Util/PHP/eval-stdin.php
[24/Feb/2025 00:04:06] "GET /phpunit/src/Util/PHP/eval-stdin.php HTTP/1.0" 404 2283
Not Found: /phpunit/Util/PHP/eval-stdin.php
[24/Feb/2025 00:04:06] "GET /phpunit/Util/PHP/eval-stdin.php HTTP/1.0" 404 2271
Not Found: /lib/phpunit/phpunit/src/Util/PHP/eval-stdin.php
[24/Feb/2025 00:04:06] "GET /lib/phpunit/phpunit/src/Util/PHP/eval-stdin.php HTTP/1.0" 404 2319
Not Found: /lib/phpunit/phpunit/Util/PHP/eval-stdin.php
[24/Feb/2025 00:04:06] "GET /lib/phpunit/phpunit/Util/PHP/eval-stdin.php HTTP/1.0" 404 2307
Not Found: /lib/phpunit/src/Util/PHP/eval-stdin.php
[24/Feb/2025 00:04:07] "GET /lib/phpunit/src/Util/PHP/eval-stdin.php HTTP/1.0" 404 2295
Not Found: /lib/phpunit/Util/PHP/eval-stdin.php
[24/Feb/2025 00:04:07] "GET /lib/phpunit/Util/PHP/eval-stdin.php HTTP/1.0" 404 2283
Not Found: /lib/vendor/phpunit/phpunit/src/Util/PHP/eval-stdin.php
[24/Feb/2025 00:04:07] "GET /lib/vendor/phpunit/phpunit/src/Util/PHP/eval-stdin.php HTTP/1.0" 404 2340
Not Found: /laravel/vendor/phpunit/phpunit/src/Util/PHP/eval-stdin.php
[24/Feb/2025 00:04:08] "GET /laravel/vendor/phpunit/phpunit/src/Util/PHP/eval-stdin.php HTTP/1.0" 404 2352
Not Found: /www/vendor/phpunit/phpunit/src/Util/PHP/eval-stdin.php
[24/Feb/2025 00:04:08] "GET /www/vendor/phpunit/phpunit/src/Util/PHP/eval-stdin.php HTTP/1.0" 404 2340
Not Found: /ws/vendor/phpunit/phpunit/src/Util/PHP/eval-stdin.php
[24/Feb/2025 00:04:08] "GET /ws/vendor/phpunit/phpunit/src/Util/PHP/eval-stdin.php HTTP/1.0" 404 2337
Not Found: /yii/vendor/phpunit/phpunit/src/Util/PHP/eval-stdin.php
[24/Feb/2025 00:04:08] "GET /yii/vendor/phpunit/phpunit/src/Util/PHP/eval-stdin.php HTTP/1.0" 404 2340
Not Found: /zend/vendor/phpunit/phpunit/src/Util/PHP/eval-stdin.php
[24/Feb/2025 00:04:09] "GET /zend/vendor/phpunit/phpunit/src/Util/PHP/eval-stdin.php HTTP/1.0" 404 2343
Not Found: /ws/ec/vendor/phpunit/phpunit/src/Util/PHP/eval-stdin.php
[24/Feb/2025 00:04:09] "GET /ws/ec/vendor/phpunit/phpunit/src/Util/PHP/eval-stdin.php HTTP/1.0" 404 2346
Not Found: /V2/vendor/phpunit/phpunit/src/Util/PHP/eval-stdin.php
[24/Feb/2025 00:04:09] "GET /V2/vendor/phpunit/phpunit/src/Util/PHP/eval-stdin.php HTTP/1.0" 404 2337
Not Found: /tests/vendor/phpunit/phpunit/src/Util/PHP/eval-stdin.php
[24/Feb/2025 00:04:09] "GET /tests/vendor/phpunit/phpunit/src/Util/PHP/eval-stdin.php HTTP/1.0" 404 2346
Not Found: /test/vendor/phpunit/phpunit/src/Util/PHP/eval-stdin.php
[24/Feb/2025 00:04:09] "GET /test/vendor/phpunit/phpunit/src/Util/PHP/eval-stdin.php HTTP/1.0" 404 2343
Not Found: /testing/vendor/phpunit/phpunit/src/Util/PHP/eval-stdin.php
[24/Feb/2025 00:04:10] "GET /testing/vendor/phpunit/phpunit/src/Util/PHP/eval-stdin.php HTTP/1.0" 404 2352
Not Found: /api/vendor/phpunit/phpunit/src/Util/PHP/eval-stdin.php
[24/Feb/2025 00:04:10] "GET /api/vendor/phpunit/phpunit/src/Util/PHP/eval-stdin.php HTTP/1.0" 404 5093
Not Found: /demo/vendor/phpunit/phpunit/src/Util/PHP/eval-stdin.php
[24/Feb/2025 00:04:10] "GET /demo/vendor/phpunit/phpunit/src/Util/PHP/eval-stdin.php HTTP/1.0" 404 2343
Not Found: /cms/vendor/phpunit/phpunit/src/Util/PHP/eval-stdin.php
[24/Feb/2025 00:04:11] "GET /cms/vendor/phpunit/phpunit/src/Util/PHP/eval-stdin.php HTTP/1.0" 404 2340
Not Found: /crm/vendor/phpunit/phpunit/src/Util/PHP/eval-stdin.php
[24/Feb/2025 00:04:11] "GET /crm/vendor/phpunit/phpunit/src/Util/PHP/eval-stdin.php HTTP/1.0" 404 2340
[24/Feb/2025 00:04:12] "GET /admin/vendor/phpunit/phpunit/src/Util/PHP/eval-stdin.php HTTP/1.0" 302 0
Not Found: /backup/vendor/phpunit/phpunit/src/Util/PHP/eval-stdin.php
[24/Feb/2025 00:04:12] "GET /backup/vendor/phpunit/phpunit/src/Util/PHP/eval-stdin.php HTTP/1.0" 404 2349
Not Found: /blog/vendor/phpunit/phpunit/src/Util/PHP/eval-stdin.php
[24/Feb/2025 00:04:12] "GET /blog/vendor/phpunit/phpunit/src/Util/PHP/eval-stdin.php HTTP/1.0" 404 2343
Not Found: /workspace/drupal/vendor/phpunit/phpunit/src/Util/PHP/eval-stdin.php
[24/Feb/2025 00:04:12] "GET /workspace/drupal/vendor/phpunit/phpunit/src/Util/PHP/eval-stdin.php HTTP/1.0" 404 2379
Not Found: /panel/vendor/phpunit/phpunit/src/Util/PHP/eval-stdin.php
[24/Feb/2025 00:04:13] "GET /panel/vendor/phpunit/phpunit/src/Util/PHP/eval-stdin.php HTTP/1.0" 404 2346
Not Found: /public/vendor/phpunit/phpunit/src/Util/PHP/eval-stdin.php
[24/Feb/2025 00:04:13] "GET /public/vendor/phpunit/phpunit/src/Util/PHP/eval-stdin.php HTTP/1.0" 404 2349
Not Found: /apps/vendor/phpunit/phpunit/src/Util/PHP/eval-stdin.php
[24/Feb/2025 00:04:13] "GET /apps/vendor/phpunit/phpunit/src/Util/PHP/eval-stdin.php HTTP/1.0" 404 2343
Not Found: /app/vendor/phpunit/phpunit/src/Util/PHP/eval-stdin.php
[24/Feb/2025 00:04:13] "GET /app/vendor/phpunit/phpunit/src/Util/PHP/eval-stdin.php HTTP/1.0" 404 2340
Not Found: /index.php
[24/Feb/2025 00:04:13] "GET /index.php?s=/index/\think\app/invokefunction&function=call_user_func_array&vars[0]=md5&vars[1][]=Hello HTTP/1.0" 404 2314
Not Found: /public/index.php
[24/Feb/2025 00:04:14] "GET /public/index.php?s=/index/\think\app/invokefunction&function=call_user_func_array&vars[0]=md5&vars[1][]=Hello HTTP/1.0" 404 2335
Not Found: /index.php
[24/Feb/2025 00:04:14] "GET /index.php?lang=../../../../../../../../usr/local/lib/php/pearcmd&+config-create+/&/<?echo(md5("hi"));?>+/tmp/index1.php HTTP/1.0" 404 2331
Not Found: /index.php
[24/Feb/2025 00:04:15] "GET /index.php?lang=../../../../../../../../tmp/index1 HTTP/1.0" 404 2245
Not Found: /containers/json
[24/Feb/2025 00:04:15] "GET /containers/json HTTP/1.0" 404 2223
Not Found: /
[24/Feb/2025 00:41:27] "GET / HTTP/1.0" 404 2160
Not Found: /webui/
[24/Feb/2025 00:45:55] "GET /webui/ HTTP/1.0" 404 2196
Not Found: /favicon.ico
[24/Feb/2025 00:49:06] "GET /favicon.ico HTTP/1.0" 404 2211
Not Found: /
[24/Feb/2025 00:50:36] "GET / HTTP/1.0" 404 2160
Not Found: /geoserver/web/
[24/Feb/2025 00:54:33] "GET /geoserver/web/ HTTP/1.0" 404 2220
Not Found: /.git/config
[24/Feb/2025 00:56:33] "GET /.git/config HTTP/1.0" 404 2211
Not Found: /
[24/Feb/2025 01:33:43] "GET / HTTP/1.0" 404 2160
Not Found: /
[24/Feb/2025 01:48:42] "GET / HTTP/1.0" 404 2160
Not Found: /
[24/Feb/2025 02:07:53] "GET / HTTP/1.0" 404 2160
Not Found: /.env
[24/Feb/2025 02:27:48] "GET /.env HTTP/1.0" 404 2190
Not Found: /
[24/Feb/2025 02:27:49] "POST / HTTP/1.0" 404 2161
Not Found: /
[24/Feb/2025 02:28:36] "GET / HTTP/1.0" 404 2160
Not Found: /
[24/Feb/2025 02:28:38] "POST / HTTP/1.0" 404 2161
Not Found: /
[24/Feb/2025 02:28:40] "POST / HTTP/1.0" 404 2161
Not Found: /WuEL
[24/Feb/2025 02:28:42] "GET /WuEL HTTP/1.0" 404 2190
Not Found: /a
[24/Feb/2025 02:28:46] "GET /a HTTP/1.0" 404 2181
Not Found: /download/file.ext
[24/Feb/2025 02:28:49] "GET /download/file.ext HTTP/1.0" 404 2229
Not Found: /SiteLoader
[24/Feb/2025 02:28:51] "GET /SiteLoader HTTP/1.0" 404 2208
Not Found: /mPlayer
[24/Feb/2025 02:28:53] "GET /mPlayer HTTP/1.0" 404 2199
Not Found: /.env
[24/Feb/2025 02:31:36] "GET /.env HTTP/1.0" 404 2190
Not Found: /
[24/Feb/2025 02:31:36] "POST / HTTP/1.0" 404 2161
Not Found: /
[24/Feb/2025 03:07:29] "GET / HTTP/1.0" 404 2172
Not Found: /favicon.ico
[24/Feb/2025 03:07:36] "GET /favicon.ico HTTP/1.0" 404 2223
Not Found: /.env
[24/Feb/2025 04:27:52] "GET /.env HTTP/1.0" 404 2190
Not Found: /.env
[24/Feb/2025 04:52:21] "GET /.env HTTP/1.0" 404 2190
[24/Feb/2025 05:33:40] "OPTIONS /api/store_username/ HTTP/1.0" 200 0
[24/Feb/2025 05:33:40] "GET /api/scrape HTTP/1.0" 301 0
[24/Feb/2025 05:33:41] "POST /api/store_username/ HTTP/1.0" 200 20
susan
Cookies loaded successfully.
Logged in using cookies.
{'posts': '1,491', 'followers': '12.8K', 'following': '1,503', 'profile_image_url': 'https://scontent-iad3-2.cdninstagram.com/v/t51.2885-19/18382185_301414823613869_6436887715811164160_n.jpg?stp=dst-jpg_s150x150_tt6&_nc_ht=scontent-iad3-2.cdninstagram.com&_nc_cat=105&_nc_oc=Q6cZ2AFuECUIr2kcJihnnJSHSH2u4CSTisy9Akhf6D29vrfg2-qRbEFNAc-iSKLuQeeWVCk&_nc_ohc=044-YyiHAkkQ7kNvgHvfDSp&_nc_gid=7289ef53f2154a0b955e7d741fc942c6&edm=AP4sbd4BAAAA&ccb=7-5&oh=00_AYCjvq9P55Wl_ZrOOyAJEuEMu7lJ8fsJcRJFoF7UPvmiOA&oe=67C1D60A&_nc_sid=7a9f4b'}
{'posts': '1,491', 'followers': '12.8K', 'following': '1,503', 'profile_image_url': 'https://scontent-iad3-2.cdninstagram.com/v/t51.2885-19/18382185_301414823613869_6436887715811164160_n.jpg?stp=dst-jpg_s150x150_tt6&_nc_ht=scontent-iad3-2.cdninstagram.com&_nc_cat=105&_nc_oc=Q6cZ2AFuECUIr2kcJihnnJSHSH2u4CSTisy9Akhf6D29vrfg2-qRbEFNAc-iSKLuQeeWVCk&_nc_ohc=044-YyiHAkkQ7kNvgHvfDSp&_nc_gid=7289ef53f2154a0b955e7d741fc942c6&edm=AP4sbd4BAAAA&ccb=7-5&oh=00_AYCjvq9P55Wl_ZrOOyAJEuEMu7lJ8fsJcRJFoF7UPvmiOA&oe=67C1D60A&_nc_sid=7a9f4b', 'full_name': 'susan', 'username': 'susan'}
{'posts': '1,491', 'followers': '12.8K', 'following': '1,503', 'profile_image_url': 'https://scontent-iad3-2.cdninstagram.com/v/t51.2885-19/18382185_301414823613869_6436887715811164160_n.jpg?stp=dst-jpg_s150x150_tt6&_nc_ht=scontent-iad3-2.cdninstagram.com&_nc_cat=105&_nc_oc=Q6cZ2AFuECUIr2kcJihnnJSHSH2u4CSTisy9Akhf6D29vrfg2-qRbEFNAc-iSKLuQeeWVCk&_nc_ohc=044-YyiHAkkQ7kNvgHvfDSp&_nc_gid=7289ef53f2154a0b955e7d741fc942c6&edm=AP4sbd4BAAAA&ccb=7-5&oh=00_AYCjvq9P55Wl_ZrOOyAJEuEMu7lJ8fsJcRJFoF7UPvmiOA&oe=67C1D60A&_nc_sid=7a9f4b', 'full_name': 'susan', 'username': 'susan'}
[24/Feb/2025 05:33:50] "GET /api/scrape/ HTTP/1.0" 200 558
[24/Feb/2025 05:34:27] "POST /api/store_username/ HTTP/1.0" 200 20
susan
Cookies loaded successfully.
Logged in using cookies.
{'posts': '1,491', 'followers': '12.8K', 'following': '1,503', 'profile_image_url': 'https://scontent-iad3-2.cdninstagram.com/v/t51.2885-19/18382185_301414823613869_6436887715811164160_n.jpg?stp=dst-jpg_s150x150_tt6&_nc_ht=scontent-iad3-2.cdninstagram.com&_nc_cat=105&_nc_oc=Q6cZ2AG_s6mtyR1pD8AFff3w0pxfJ50hJcNiKSbQ3CTl3rNUZ9oKccylJU6_5DjGsfPiQLo&_nc_ohc=044-YyiHAkkQ7kNvgHvfDSp&_nc_gid=271603eff7b046628b009df984685e72&edm=ALGbJPMBAAAA&ccb=7-5&oh=00_AYD6o9kVYfTvwYvwhw6jHN4EUaODTBiYFrLLjusbCumvdA&oe=67C1D60A&_nc_sid=7d3ac5'}
{'posts': '1,491', 'followers': '12.8K', 'following': '1,503', 'profile_image_url': 'https://scontent-iad3-2.cdninstagram.com/v/t51.2885-19/18382185_301414823613869_6436887715811164160_n.jpg?stp=dst-jpg_s150x150_tt6&_nc_ht=scontent-iad3-2.cdninstagram.com&_nc_cat=105&_nc_oc=Q6cZ2AG_s6mtyR1pD8AFff3w0pxfJ50hJcNiKSbQ3CTl3rNUZ9oKccylJU6_5DjGsfPiQLo&_nc_ohc=044-YyiHAkkQ7kNvgHvfDSp&_nc_gid=271603eff7b046628b009df984685e72&edm=ALGbJPMBAAAA&ccb=7-5&oh=00_AYD6o9kVYfTvwYvwhw6jHN4EUaODTBiYFrLLjusbCumvdA&oe=67C1D60A&_nc_sid=7d3ac5', 'full_name': 'susan', 'username': 'susan'}
{'posts': '1,491', 'followers': '12.8K', 'following': '1,503', 'profile_image_url': 'https://scontent-iad3-2.cdninstagram.com/v/t51.2885-19/18382185_301414823613869_6436887715811164160_n.jpg?stp=dst-jpg_s150x150_tt6&_nc_ht=scontent-iad3-2.cdninstagram.com&_nc_cat=105&_nc_oc=Q6cZ2AG_s6mtyR1pD8AFff3w0pxfJ50hJcNiKSbQ3CTl3rNUZ9oKccylJU6_5DjGsfPiQLo&_nc_ohc=044-YyiHAkkQ7kNvgHvfDSp&_nc_gid=271603eff7b046628b009df984685e72&edm=ALGbJPMBAAAA&ccb=7-5&oh=00_AYD6o9kVYfTvwYvwhw6jHN4EUaODTBiYFrLLjusbCumvdA&oe=67C1D60A&_nc_sid=7d3ac5', 'full_name': 'susan', 'username': 'susan'}
[24/Feb/2025 05:34:36] "GET /api/scrape/ HTTP/1.0" 200 558
